% fd2 ./run > log/run-OpenBSD-6.0-current-final.log
EXECSHELL=/home/jneitzel/src/git/osh-4.3.0-beta1/osh
==== ./test-woss w/ EXECSHELL set to osh ====
1
3
==== status == 0; ====
==== ./test-woss+lnferr ... ====
1
goto: 0x0_label_0x9: label not found
==== status == 1; ====
EXECSHELL=/home/jneitzel/src/git/osh-4.3.0-beta1/sh6
==== ./test-woss w/ EXECSHELL set to sh6 ====
1
3
==== status == 0; ====
==== ./test-woss+lnferr ... ====
1
goto: 0x0_label_0x9: label not found
==== status == 1; ====
EXECSHELL=/bin/osh

==== ./test-wss.osh w/ osh ====
1
3
==== status == 0; ====
==== ./test-wss+lnferr.osh ... ====
1
goto: 0x0_label_0x9: label not found
==== status == 1; ====

==== ./test-wss.sh6 w/ sh6 ====
1
3
==== status == 0, 1, 1; ====
==== ./test-wss+lnferr.sh6 ... ====
1
goto: 0x0_label_0x9: label not found
==== status == 1; ====

==== ./test-wss+sh6-ext-gigig.osh "goto" ====
error
echo 1
1
"goto" label
echo 3
3
==== status == 0; ====
==== ./test-wss+sh6-ext-gigig.osh 'goto' ====
error
echo 1
1
'goto' label
echo 3
3
==== status == 0; ====
==== ./test-wss+sh6-ext-gigig.osh goto ====
error
echo 1
1
goto label
echo 3
3
==== status == 0; ====
% which osh sh6 goto
/home/jneitzel/src/git/osh-4.3.0-beta1/osh
/home/jneitzel/src/git/osh-4.3.0-beta1/sh6
/home/jneitzel/src/git/osh-4.3.0-beta1/goto
% ll ../osh ../sh6 ../goto
-rwxr-xr-x  1 jneitzel  staff  12638 Jan 16 01:13 ../goto*
-rwxr-xr-x  1 jneitzel  staff  55207 Jan 16 01:13 ../osh*
lrwxr-xr-x  1 jneitzel  staff      3 Jan 16 01:14 ../sh6@ -> osh
% osh -V
osh-4.3.0-test2 (OpenBSD 6.0 amd64)
% head -2 /var/run/dmesg.boot
OpenBSD 6.0-current (GENERIC.MP) #108: Thu Jan  5 11:08:35 MST 2017
    build@amd64.openbsd.org:/usr/src/sys/arch/amd64/compile/GENERIC.MP
