goto    : current offset == 1597;
EXECSHELL=/home/jneitzel/src/git/osh-4.3.0-beta1/osh
==== ./test-woss w/ EXECSHELL set to osh ====
1
execute : current offset == 53;
goto    : current offset == 68;
rpx_line: current offset == 68;
3
==== status == 0; ====
==== ./test-woss+lnferr ... ====
1
execute : current offset == 88;
goto    : current offset == 110;
goto: 0x0_label_0x9: label not found
rpx_line: current offset == 110;
==== status == 1; ====
EXECSHELL=/home/jneitzel/src/git/osh-4.3.0-beta1/sh6
==== ./test-woss w/ EXECSHELL set to sh6 ====
1
execute : current offset == 53;
goto    : current offset == 68;
rpx_line: current offset == 68;
3
==== status == 0; ====
==== ./test-woss+lnferr ... ====
1
execute : current offset == 88;
goto    : current offset == 110;
goto: 0x0_label_0x9: label not found
rpx_line: current offset == 110;
==== status == 1; ====
EXECSHELL=/bin/osh

==== ./test-wss.osh w/ osh ====
1
execute : current offset == 67;
goto    : current offset == 82;
rpx_line: current offset == 82;
3
==== status == 0; ====
==== ./test-wss+lnferr.osh ... ====
1
execute : current offset == 102;
goto    : current offset == 124;
goto: 0x0_label_0x9: label not found
rpx_line: current offset == 124;
==== status == 1; ====

==== ./test-wss.sh6 w/ sh6 ====
1
goto    : current offset == 356;
3
==== status == 0, 1, 1; ====
==== ./test-wss+lnferr.sh6 ... ====
1
execute : current offset == 102;
goto    : current offset == 124;
goto: 0x0_label_0x9: label not found
rpx_line: current offset == 124;
==== status == 1; ====

==== ./test-wss+sh6-ext-gigig.osh "goto" ====
error
echo 1
1
"goto" label
goto    : current offset == 688;
echo 3
3
==== status == 0; ====
==== ./test-wss+sh6-ext-gigig.osh 'goto' ====
error
echo 1
1
'goto' label
goto    : current offset == 688;
echo 3
3
==== status == 0; ====
==== ./test-wss+sh6-ext-gigig.osh goto ====
error
echo 1
1
goto label
execute : current offset == 673;
goto    : current offset == 688;
rpx_line: current offset == 688;
echo 3
3
==== status == 0; ====
